<?xml version="1.0" encoding="UTF-8"?>
<testng-results skipped="0" failed="0" ignored="0" total="3" passed="3">
  <reporter-output>
  </reporter-output>
  <suite name="Default suite" duration-ms="22439" started-at="2017-11-20T07:18:54Z" finished-at="2017-11-20T07:19:17Z">
    <groups>
    </groups>
    <test name="Default test" duration-ms="22439" started-at="2017-11-20T07:18:54Z" finished-at="2017-11-20T07:19:17Z">
      <class name="page.Insta">
        <test-method status="PASS" signature="browser()[pri:0, instance:page.Insta@4fe44c]" name="browser" duration-ms="10379" started-at="2017-11-20T12:48:54Z" finished-at="2017-11-20T12:49:04Z">
          <reporter-output>
          </reporter-output>
        </test-method> <!-- browser -->
        <test-method status="PASS" signature="logIn()[pri:0, instance:page.Insta@4fe44c]" name="logIn" duration-ms="2392" started-at="2017-11-20T12:49:04Z" finished-at="2017-11-20T12:49:07Z">
          <reporter-output>
          </reporter-output>
        </test-method> <!-- logIn -->
        <test-method status="PASS" signature="mainPage()[pri:0, instance:page.Insta@4fe44c]" name="mainPage" duration-ms="9644" started-at="2017-11-20T12:49:07Z" finished-at="2017-11-20T12:49:17Z">
          <reporter-output>
          </reporter-output>
        </test-method> <!-- mainPage -->
      </class> <!-- page.Insta -->
    </test> <!-- Default test -->
  </suite> <!-- Default suite -->
</testng-results>
