<?xml version="1.0" encoding="UTF-8"?>
<testng-results skipped="0" failed="0" total="1" passed="1">
  <reporter-output>
  </reporter-output>
  <suite name="Default suite" duration-ms="30397" started-at="2018-01-12T08:58:21Z" finished-at="2018-01-12T08:58:51Z">
    <groups>
    </groups>
    <test name="Default test" duration-ms="30397" started-at="2018-01-12T08:58:21Z" finished-at="2018-01-12T08:58:51Z">
      <class name="leaf.Lead.UploadUsingFFSauceLab">
        <test-method status="PASS" signature="sma()[pri:0, instance:leaf.Lead.UploadUsingFFSauceLab@1829d67]" name="sma" duration-ms="30379" started-at="2018-01-12T14:28:21Z" finished-at="2018-01-12T14:28:51Z">
          <reporter-output>
          </reporter-output>
        </test-method> <!-- sma -->
      </class> <!-- leaf.Lead.UploadUsingFFSauceLab -->
    </test> <!-- Default test -->
  </suite> <!-- Default suite -->
</testng-results>
